<?xml version="1.0" encoding="UTF-8"?>
<!-- Generated by org.testng.reporters.JUnitXMLReporter -->
<testsuite ignored="1" hostname="DESKTOP-807AG9O" failures="1" tests="3" name="OrangeHRM1" time="162.388" errors="0" timestamp="2023-07-14T07:37:32 IST">
  <testcase classname="testcases.orangeHRM.TC01_OrangeHRM_LoginTest" name="test_OrangeHRMLogin" time="84.685"/>
  <testcase classname="testcases.orangeHRM.TC03_OrangeHRM_AddUser" name="addUser" time="34.932">
    <failure type="org.openqa.selenium.InvalidSelectorException" message="invalid selector: Unable to locate an element with the xpath expression (//crud-panel[contains(@listdata=&amp;apos;systemUsersCtrl.listData.systemUsers&amp;apos;]//table//tbody/tr[1]//span[text()])[1] because of the following error:
SyntaxError: Failed to execute &amp;apos;evaluate&amp;apos; on &amp;apos;Document&amp;apos;: The string &amp;apos;(//crud-panel[contains(@listdata=&amp;apos;systemUsersCtrl.listData.systemUsers&amp;apos;]//table//tbody/tr[1]//span[text()])[1]&amp;apos; is not a valid XPath expression.
  (Session info: chrome=114.0.5735.199)
For documentation on this error, please visit: https://www.selenium.dev/documentation/webdriver/troubleshooting/errors#invalid-selector-exception
Build info: version: &amp;apos;4.10.0&amp;apos;, revision: &amp;apos;c14d967899&amp;apos;
System info: os.name: &amp;apos;Windows 11&amp;apos;, os.arch: &amp;apos;amd64&amp;apos;, os.version: &amp;apos;10.0&amp;apos;, java.version: &amp;apos;11.0.14&amp;apos;
Driver info: org.openqa.selenium.chrome.ChromeDriver
Command: [0e434e979f5d44f1af592656039b41a9, findElement {using=xpath, value=(//crud-panel[contains(@listdata=&amp;apos;systemUsersCtrl.listData.systemUsers&amp;apos;]//table//tbody/tr[1]//span[text()])[1]}]
Capabilities {acceptInsecureCerts: false, browserName: chrome, browserVersion: 114.0.5735.199, chrome: {chromedriverVersion: 114.0.5735.90 (386bc09e8f4f..., userDataDir: C:\Users\AaradhyaVashisht\A...}, goog:chromeOptions: {debuggerAddress: localhost:52367}, networkConnectionEnabled: false, pageLoadStrategy: normal, platformName: windows, proxy: Proxy(), se:cdp: ws://localhost:52367/devtoo..., se:cdpVersion: 114.0.5735.199, setWindowRect: true, strictFileInteractability: false, timeouts: {implicit: 0, pageLoad: 300000, script: 30000}, unhandledPromptBehavior: dismiss and notify, webauthn:extension:credBlob: true, webauthn:extension:largeBlob: true, webauthn:extension:minPinLength: true, webauthn:extension:prf: true, webauthn:virtualAuthenticators: true}
Session ID: 0e434e979f5d44f1af592656039b41a9">
      <![CDATA[org.openqa.selenium.InvalidSelectorException: invalid selector: Unable to locate an element with the xpath expression (//crud-panel[contains(@listdata='systemUsersCtrl.listData.systemUsers']//table//tbody/tr[1]//span[text()])[1] because of the following error:
SyntaxError: Failed to execute 'evaluate' on 'Document': The string '(//crud-panel[contains(@listdata='systemUsersCtrl.listData.systemUsers']//table//tbody/tr[1]//span[text()])[1]' is not a valid XPath expression.
  (Session info: chrome=114.0.5735.199)
For documentation on this error, please visit: https://www.selenium.dev/documentation/webdriver/troubleshooting/errors#invalid-selector-exception
Build info: version: '4.10.0', revision: 'c14d967899'
System info: os.name: 'Windows 11', os.arch: 'amd64', os.version: '10.0', java.version: '11.0.14'
Driver info: org.openqa.selenium.chrome.ChromeDriver
Command: [0e434e979f5d44f1af592656039b41a9, findElement {using=xpath, value=(//crud-panel[contains(@listdata='systemUsersCtrl.listData.systemUsers']//table//tbody/tr[1]//span[text()])[1]}]
Capabilities {acceptInsecureCerts: false, browserName: chrome, browserVersion: 114.0.5735.199, chrome: {chromedriverVersion: 114.0.5735.90 (386bc09e8f4f..., userDataDir: C:\Users\AaradhyaVashisht\A...}, goog:chromeOptions: {debuggerAddress: localhost:52367}, networkConnectionEnabled: false, pageLoadStrategy: normal, platformName: windows, proxy: Proxy(), se:cdp: ws://localhost:52367/devtoo..., se:cdpVersion: 114.0.5735.199, setWindowRect: true, strictFileInteractability: false, timeouts: {implicit: 0, pageLoad: 300000, script: 30000}, unhandledPromptBehavior: dismiss and notify, webauthn:extension:credBlob: true, webauthn:extension:largeBlob: true, webauthn:extension:minPinLength: true, webauthn:extension:prf: true, webauthn:virtualAuthenticators: true}
Session ID: 0e434e979f5d44f1af592656039b41a9
at org.openqa.selenium.remote.codec.w3c.W3CHttpResponseCodec.createException(W3CHttpResponseCodec.java:199)
at org.openqa.selenium.remote.codec.w3c.W3CHttpResponseCodec.decode(W3CHttpResponseCodec.java:132)
at org.openqa.selenium.remote.codec.w3c.W3CHttpResponseCodec.decode(W3CHttpResponseCodec.java:51)
at org.openqa.selenium.remote.HttpCommandExecutor.execute(HttpCommandExecutor.java:191)
at org.openqa.selenium.remote.service.DriverCommandExecutor.invokeExecute(DriverCommandExecutor.java:196)
at org.openqa.selenium.remote.service.DriverCommandExecutor.execute(DriverCommandExecutor.java:171)
at org.openqa.selenium.remote.RemoteWebDriver.execute(RemoteWebDriver.java:531)
at org.openqa.selenium.remote.ElementLocation$ElementFinder$2.findElement(ElementLocation.java:165)
at org.openqa.selenium.remote.ElementLocation.findElement(ElementLocation.java:59)
at org.openqa.selenium.remote.RemoteWebDriver.findElement(RemoteWebDriver.java:350)
at org.openqa.selenium.remote.RemoteWebDriver.findElement(RemoteWebDriver.java:344)
at org.openqa.selenium.support.ui.ExpectedConditions$7.apply(ExpectedConditions.java:194)
at org.openqa.selenium.support.ui.ExpectedConditions$7.apply(ExpectedConditions.java:190)
at org.openqa.selenium.support.ui.FluentWait.until(FluentWait.java:205)
at testcases.orangeHRM.TC03_OrangeHRM_AddUser.addUser(TC03_OrangeHRM_AddUser.java:49)
at java.base/java.util.ArrayList.forEach(ArrayList.java:1541)
at com.intellij.rt.testng.IDEARemoteTestNG.run(IDEARemoteTestNG.java:66)
at com.intellij.rt.testng.RemoteTestNGStarter.main(RemoteTestNGStarter.java:109)
... Removed 28 stack frames]]>
    </failure>
  </testcase> <!-- addUser -->
  <testcase classname="testcases.orangeHRM.TC04_OrangeHRM_EditEmployee" name="editEmployee" time="42.032">
    <skipped/>
  </testcase> <!-- editEmployee -->
  <testcase classname="testcases.orangeHRM.TC02_OrangeHRM_AddEmployee" name="test_addEmployee" time="0.0">
    <ignored/>
  </testcase> <!-- test_addEmployee -->
</testsuite> <!-- OrangeHRM1 -->
